<?xml version="1.0" encoding="UTF-8"?>
<!-- Generated by org.testng.reporters.JUnitReportReporter -->
<testsuite hostname="Bahaa" failures="0" tests="1" name="LoginTest" time="٠.٨٢٩" errors="0" timestamp="٢٠٢٥-٠٢-١٨T١٤:٢٠:٢٣ EET" skipped="0">
  <testcase classname="LoginTest" name="login" time="٠.٨٢٩"/>
</testsuite> <!-- LoginTest -->
