<?xml version="1.0" encoding="UTF-8"?>
<!-- Generated by org.testng.reporters.JUnitReportReporter -->
<testsuite hostname="Bahaa" failures="0" tests="1" name="tests.AdminTest" time="12.637" errors="0" timestamp="2025-02-28T14:35:59 EET" skipped="0">
  <testcase classname="tests.AdminTest" name="testAdminFeatures" time="12.637"/>
  <system-out/>
</testsuite> <!-- tests.AdminTest -->
