<?xml version="1.0" encoding="UTF-8"?>
<!-- Generated by org.testng.reporters.JUnitReportReporter -->
<testsuite hostname="Bahaa" failures="0" tests="1" name="tests.AddCandidateTest" time="10.643" errors="0" timestamp="2025-03-14T23:27:45 EET" skipped="0">
  <testcase classname="tests.AddCandidateTest" name="addCandidate" time="10.643"/>
  <system-out/>
</testsuite> <!-- tests.AddCandidateTest -->
