<?xml version="1.0" encoding="UTF-8"?>
<!-- Generated by org.testng.reporters.JUnitReportReporter -->
<testsuite hostname="Bahaa" failures="0" tests="1" name="tests.AddCandidate" time="10.919" errors="0" timestamp="2025-03-14T23:04:44 EET" skipped="0">
  <testcase classname="tests.AddCandidate" name="addCandidate" time="10.919"/>
  <system-out/>
</testsuite> <!-- tests.AddCandidate -->
