<?xml version="1.0" encoding="UTF-8"?>
<!-- Generated by org.testng.reporters.JUnitReportReporter -->
<testsuite hostname="Bahaa" failures="0" tests="1" name="tests.EditMyInfo" time="8.507" errors="0" timestamp="2025-03-21T11:05:33 EET" skipped="0">
  <testcase classname="tests.EditMyInfo" name="testEditMyInfo" time="8.507"/>
  <system-out/>
</testsuite> <!-- tests.EditMyInfo -->
