<?xml version="1.0" encoding="UTF-8"?>
<!-- Generated by org.testng.reporters.JUnitReportReporter -->
<testsuite hostname="Bahaa" failures="0" tests="1" name="tests.EditMyInfo" time="9.669" errors="0" timestamp="2025-03-21T11:38:15 EET" skipped="0">
  <testcase classname="tests.EditMyInfo" name="testEditMyInfo" time="9.669"/>
  <system-out/>
</testsuite> <!-- tests.EditMyInfo -->
