<?xml version="1.0" encoding="UTF-8"?>
<!-- Generated by org.testng.reporters.JUnitReportReporter -->
<testsuite hostname="Bahaa" failures="0" tests="2" name="tests.LoginTest" time="36.195" errors="0" timestamp="2025-02-28T15:41:57 EET" skipped="0">
  <testcase classname="tests.LoginTest" name="invalidLoginTest" time="5.576"/>
  <system-out/>
  <testcase classname="tests.LoginTest" name="validLoginTest" time="30.619"/>
  <system-out/>
</testsuite> <!-- tests.LoginTest -->
