<?xml version="1.0" encoding="UTF-8"?>
<!-- Generated by org.testng.reporters.JUnitReportReporter -->
<testsuite hostname="Bahaa" failures="0" tests="1" name="tests.ApplyLeaveTest" time="59.880" errors="0" timestamp="2025-03-07T10:36:42 EET" skipped="0">
  <testcase classname="tests.ApplyLeaveTest" name="testapplyLeaveTest" time="59.880"/>
  <system-out/>
</testsuite> <!-- tests.ApplyLeaveTest -->
